============================= test session starts ==============================
platform linux -- Python 3.11.11, pytest-8.3.4, pluggy-1.5.0 -- /home/gordon-yeung/projects/RaspberryPi-Texting-App/.conda/bin/python
cachedir: .pytest_cache
rootdir: /home/gordon-yeung/projects/RaspberryPi-Texting-App
configfile: pytest.ini
plugins: cov-6.0.0
collecting ... collected 20 items

tests/test_api.py::TestAPI::test_add_message_invalid_json PASSED         [  5%]
tests/test_api.py::TestAPI::test_add_message_missing_fields PASSED       [ 10%]
tests/test_api.py::TestAPI::test_add_message_success PASSED              [ 15%]
tests/test_api.py::TestAPI::test_get_messages_empty FAILED               [ 20%]
tests/test_api.py::TestAPI::test_get_messages_with_protocol FAILED       [ 25%]
tests/test_chat_app.py::TestChatApp::test_add_message_bubble FAILED      [ 30%]
tests/test_chat_app.py::TestChatApp::test_load_chat_history FAILED       [ 35%]
tests/test_chat_app.py::TestChatApp::test_select_protocol FAILED         [ 40%]
tests/test_chat_app.py::TestChatApp::test_send_message_no_protocol FAILED [ 45%]
tests/test_chat_app.py::TestChatApp::test_send_message_success FAILED    [ 50%]
tests/test_protocol_handlers.py::TestEthernetMasterHandler::test_cleanup FAILED [ 55%]
tests/test_protocol_handlers.py::TestEthernetMasterHandler::test_initialize PASSED [ 60%]
tests/test_protocol_handlers.py::TestEthernetMasterHandler::test_send_no_clients PASSED [ 65%]
tests/test_protocol_handlers.py::TestEthernetMasterHandler::test_send_with_client PASSED [ 70%]
tests/test_protocol_handlers.py::TestEthernetClientHandler::test_cleanup PASSED [ 75%]
tests/test_protocol_handlers.py::TestEthernetClientHandler::test_initialize_connection_refused PASSED [ 80%]
tests/test_protocol_handlers.py::TestEthernetClientHandler::test_initialize_success PASSED [ 85%]
tests/test_protocol_handlers.py::TestEthernetClientHandler::test_send_not_connected PASSED [ 90%]
tests/test_protocol_handlers.py::TestUARTHandler::test_receive PASSED    [ 95%]
tests/test_protocol_handlers.py::TestUARTHandler::test_send PASSED       [100%]

=================================== FAILURES ===================================
_______________________ TestAPI.test_get_messages_empty ________________________

self = <test_api.TestAPI testMethod=test_get_messages_empty>

    def test_get_messages_empty(self):
        response = self.app.get('/messages')
        self.assertEqual(response.status_code, 200)
        data = json.loads(response.data)
>       self.assertEqual(len(data), 0)
E       AssertionError: 106 != 0

tests/test_api.py:25: AssertionError
___________________ TestAPI.test_get_messages_with_protocol ____________________

self = <test_api.TestAPI testMethod=test_get_messages_with_protocol>

    def test_get_messages_with_protocol(self):
        # First add a message
        test_message = {
            "protocol": "Ethernet(Master)",
            "sender": "tester",
            "recipient": "test_recipient",
            "message": "test message"
        }
        self.app.post('/messages',
                     data=json.dumps(test_message),
                     content_type='application/json')
    
        # Then retrieve it with protocol filter
        response = self.app.get('/messages?protocol=Ethernet(Master)')
        self.assertEqual(response.status_code, 200)
        data = json.loads(response.data)
>       self.assertEqual(len(data), 1)
E       AssertionError: 39 != 1

tests/test_api.py:43: AssertionError
_____________________ TestChatApp.test_add_message_bubble ______________________

self = <test_chat_app.TestChatApp testMethod=test_add_message_bubble>

    def test_add_message_bubble(self):
        # Setup mock widgets
>       chat_history = self.app.root.ids.chat_history
E       AttributeError: 'dict' object has no attribute 'chat_history'

tests/test_chat_app.py:103: AttributeError
______________________ TestChatApp.test_load_chat_history ______________________

self = <test_chat_app.TestChatApp testMethod=test_load_chat_history>
mock_get = <MagicMock name='get' id='132438838497936'>

    @patch('requests.get')
    def test_load_chat_history(self, mock_get):
        # Setup
        self.app.current_protocol = "Ethernet(Master)"
        mock_get.return_value.json.return_value = [
            {"sender": "You", "message": "Hello"},
            {"sender": "Client", "message": "Hi"}
        ]
    
        # Execute
>       self.app.load_chat_history()

tests/test_chat_app.py:95: 
_ _ _ _ _ _ _ _ _ _ _ _ _ _ _ _ _ _ _ _ _ _ _ _ _ _ _ _ _ _ _ _ _ _ _ _ _ _ _ _ 

self = <chatapp.ChatApp object at 0x7873cf476430>

    def load_chat_history(self):
        if not self.current_protocol:
            return
    
>       chat_history = self.root.ids.chat_history
E       AttributeError: 'dict' object has no attribute 'chat_history'

chatapp.py:186: AttributeError
_______________________ TestChatApp.test_select_protocol _______________________

self = <test_chat_app.TestChatApp testMethod=test_select_protocol>

    def test_select_protocol(self):
        protocol = "Ethernet(Master)"
        handler_mock = self.app.protocol_handlers[protocol]
        handler_mock.initialize.return_value = "Connected successfully"
    
        with patch.object(self.app, 'load_chat_history'):
>           self.app.select_protocol(protocol)

tests/test_chat_app.py:47: 
_ _ _ _ _ _ _ _ _ _ _ _ _ _ _ _ _ _ _ _ _ _ _ _ _ _ _ _ _ _ _ _ _ _ _ _ _ _ _ _ 
chatapp.py:63: in select_protocol
    self.setup_protocol_list()
_ _ _ _ _ _ _ _ _ _ _ _ _ _ _ _ _ _ _ _ _ _ _ _ _ _ _ _ _ _ _ _ _ _ _ _ _ _ _ _ 

self = <chatapp.ChatApp object at 0x7873cf477d20>

    def setup_protocol_list(self):
>       protocol_list = self.root.ids.protocol_list
E       AttributeError: 'dict' object has no attribute 'protocol_list'

chatapp.py:38: AttributeError
__________________ TestChatApp.test_send_message_no_protocol ___________________

self = <test_chat_app.TestChatApp testMethod=test_send_message_no_protocol>
mock_post = <MagicMock name='post' id='132438829637904'>

    @patch('requests.post')
    def test_send_message_no_protocol(self, mock_post):
        self.app.current_protocol = None
>       type(self.app.root.ids.message_input).text = PropertyMock(return_value="test message")
E       AttributeError: 'dict' object has no attribute 'message_input'

tests/test_chat_app.py:56: AttributeError
____________________ TestChatApp.test_send_message_success _____________________

self = <test_chat_app.TestChatApp testMethod=test_send_message_success>
mock_post = <MagicMock name='post' id='132438794489808'>

    @patch('requests.post')
    def test_send_message_success(self, mock_post):
        # Setup
        protocol = "Ethernet(Master)"
        self.app.current_protocol = protocol
        message = "test message"
>       type(self.app.root.ids.message_input).text = PropertyMock(return_value=message)
E       AttributeError: 'dict' object has no attribute 'message_input'

tests/test_chat_app.py:68: AttributeError
____________________ TestEthernetMasterHandler.test_cleanup ____________________

self = <test_protocol_handlers.TestEthernetMasterHandler testMethod=test_cleanup>

    def test_cleanup(self):
        mock_client = Mock()
        client_address = ("127.0.0.1", 5000)
        self.handler.connected_clients[client_address] = mock_client
        self.handler.server_socket = Mock()
    
        result = self.handler.cleanup()
    
        self.assertFalse(self.handler.is_running)
        mock_client.close.assert_called()
>       self.handler.server_socket.close.assert_called()
E       AttributeError: 'NoneType' object has no attribute 'close'

tests/test_protocol_handlers.py:55: AttributeError

---------- coverage: platform linux, python 3.11.11-final-0 ----------
Name                                                       Stmts   Miss  Cover   Missing
----------------------------------------------------------------------------------------
.conda/lib/python3.11/_weakrefset.py                         154    146     5%   5-37, 40-45, 51-85, 87, 90-205
.conda/lib/python3.11/argparse.py                           1315    959    27%   65-140, 142, 148-164, 172-174, 195-206, 212-588, 590, 592-593, 599, 604, 607, 609, 613, 616-629, 632-844, 866-929, 941, 945, 958, 962-964, 981-987, 1002-1004, 1019-1021, 1033, 1037, 1050, 1057-1086, 1100, 1103, 1107-1342, 1395, 1399, 1405-1424, 1436, 1447, 1449, 1454, 1460, 1463, 1470-1471, 1475, 1480-1485, 1500-1501, 1506-1549, 1552-1553, 1558, 1565, 1572-1576, 1586-1594, 1599, 1603, 1608-1612, 1618-1619, 1623-1652, 1674, 1679-1742, 1790, 1797-1853, 1855, 1860-1865, 1873-1880, 1883, 1890, 1901-1902, 1908-1911, 1914-1915, 1918, 1927-1931, 1943-1945, 1952, 1975-1978, 2000-2001, 2017-2037, 2049-2050, 2101, 2110-2118, 2123-2125, 2142, 2156, 2161-2172, 2177, 2188-2197, 2202-2205, 2212-2222, 2227, 2243, 2246, 2250, 2259, 2269-2342, 2361, 2365, 2369, 2373, 2391-2475, 2485-2491, 2498, 2511, 2515-2516, 2520, 2526, 2531, 2534-2535, 2542-2552, 2557, 2560-2597, 2603-2640
.conda/lib/python3.11/ast.py                                1132   1096     3%   27-33, 42, 44-46, 54, 68-71, 73-75, 77-83, 88, 91-109, 113-255, 263-267, 281-380, 394-1752
.conda/lib/python3.11/asyncio/__init__.py                     19      0   100%
.conda/lib/python3.11/asyncio/base_events.py                1114    969    13%   72-77, 81-86, 90-96, 103-156, 162-178, 182-188, 193-199, 203-204, 209-220, 223-228, 231, 235-243, 246-248, 251-254, 257, 260, 263-272, 279-289, 292, 295-296, 299-302, 305-309, 312-317, 323, 326, 330-332, 335-351, 354-357, 360-378, 381-385, 391-418, 421, 428, 435-449, 461-463, 467, 472, 482, 487, 492, 497, 503, 512, 516, 519-520, 523-524, 527-529, 532-538, 542-558, 567-576, 579-585, 588-591, 596-616, 629-654, 662, 672-685, 689, 692-695, 699, 708, 726-732, 739-750, 762-769, 772-777, 782-786, 797-801, 807-814, 817-829, 833-835, 838-859, 863-868, 872, 877-887, 893, 898-921, 924-940, 946-986, 1007-1123, 1131-1151, 1177-1197, 1201, 1205-1227, 1239-1275, 1283-1409, 1414-1420, 1424-1429, 1459-1568, 1575-1598, 1601-1614, 1617-1630, 1633-1643, 1653-1679, 1687-1713, 1718, 1732-1735, 1752-1785, 1809-1839, 1846-1847, 1851-1852, 1856-1857, 1867-1937, 1940-1952, 1955, 1958-1961
.conda/lib/python3.11/asyncio/base_futures.py                 39     27    31%   21, 27-42, 48-62, 67-68
.conda/lib/python3.11/asyncio/base_subprocess.py             196    157    20%   15-53, 56-82, 85, 88, 91, 94, 97-119, 124-126, 129, 132, 135-138, 141-142, 145-146, 149-150, 153-154, 157-192, 195-198, 201-202, 205, 208-219, 225-230, 233-239, 242-252, 258-261, 264, 267, 270-272, 275, 278, 285
.conda/lib/python3.11/asyncio/base_tasks.py                   70     60    14%   10-23, 28-29, 33-64, 68-92
.conda/lib/python3.11/asyncio/constants.py                    13      0   100%
.conda/lib/python3.11/asyncio/coroutines.py                   62     47    24%   13, 36-47, 51-111
.conda/lib/python3.11/asyncio/events.py                      318    181    43%   36-48, 51-60, 63-66, 69-77, 80, 83-99, 108-112, 115-118, 121, 124-126, 129-131, 134-136, 139-141, 144-149, 152-154, 162, 170, 174, 178, 186, 193, 197, 200, 203-204, 214, 221, 229, 233, 237, 248, 252, 256, 262, 265, 268, 271, 274, 277, 282, 287, 290, 293, 299, 302, 312, 370, 378, 390, 398, 434, 449, 484, 499, 512, 519, 526, 534, 537, 540, 543, 548, 551, 554, 557, 560, 563, 566, 569, 573, 578, 581, 586, 589, 594, 597, 600, 603, 608, 611, 625, 629, 635, 641, 645, 668, 675-684, 688-691, 699, 726-729, 739-741, 751, 756-759, 764-766, 774-776, 789, 797-800, 805, 810, 815, 821, 838-839
.conda/lib/python3.11/asyncio/exceptions.py                   20      8    60%   37-41, 44, 54-55, 58
.conda/lib/python3.11/asyncio/format_helpers.py               50     39    22%   11-19, 23-27, 36-41, 45-59, 66-76
.conda/lib/python3.11/asyncio/futures.py                     226    168    26%   79-85, 89, 92-105, 111, 115-117, 121-124, 132-144, 153-159, 167-173, 177, 187, 196-204, 214-220, 229-234, 243-249, 259-263, 271-282, 285-290, 302-308, 313-315, 319-327, 332-342, 350-362, 372-406, 411-419, 424-425
.conda/lib/python3.11/asyncio/locks.py                       264    201    24%   15-18, 21, 79-80, 83-87, 91, 99-123, 136-140, 144-155, 168-169, 172-176, 180, 187-192, 198, 207-216, 230-239, 242-246, 259-283, 292-296, 310-320, 328, 347-350, 353-357, 361, 373-398, 406-407, 411-418, 429-430, 433-435, 457-464, 467-471, 476, 479, 488-502, 510-518, 525-526, 534-537, 542-545, 553-560, 568-570, 575, 580-582, 587
.conda/lib/python3.11/asyncio/log.py                           2      0   100%
.conda/lib/python3.11/asyncio/mixins.py                       14      8    43%   13-21
.conda/lib/python3.11/asyncio/protocols.py                    40     14    65%   201-216
.conda/lib/python3.11/asyncio/queues.py                      126     87    31%   34-43, 48, 51, 54, 60-64, 67, 70, 75-84, 88, 93, 97, 105-108, 116-135, 142-147, 154-173, 180-184, 200-204, 214-215, 225, 228, 231, 238, 241, 244
.conda/lib/python3.11/asyncio/runners.py                     111     85    23%   50-56, 59-60, 63, 67-79, 83-84, 88-129, 132-148, 151-157, 184-190, 194-207
.conda/lib/python3.11/asyncio/selector_events.py             837    729    13%   35-40, 50-57, 61, 71-79, 83, 87-95, 98-103, 107-111, 114, 117-126, 134-142, 150, 163-198, 205-245, 248-261, 266-279, 282-300, 303-316, 320-339, 343-344, 348-349, 353-354, 358-359, 368-381, 384-385, 390-401, 409-422, 428-439, 449-462, 468-479, 487-504, 510-521, 532-552, 555-574, 585-601, 604-616, 623-641, 644-664, 667-668, 671-689, 699-704, 707-721, 724-735, 738-749, 752-753, 769-794, 797-822, 825, 828-829, 832, 835, 838, 841-846, 849-854, 857-864, 867-869, 873-883, 886-895, 898-909, 912, 915-917, 928-944, 948-953, 956, 959-992, 996-1017, 1021-1039, 1042-1078, 1081-1108, 1111-1115, 1118, 1121-1123, 1127-1132, 1135, 1144-1153, 1157, 1160-1173, 1176-1217, 1220-1246
.conda/lib/python3.11/asyncio/sslproto.py                    533    436    18%   48-58, 62-79, 89-91, 95, 98, 101, 104, 114-118, 121-123, 128, 136, 144, 165-166, 169, 174, 195-196, 199, 204, 209, 217-222, 230, 237, 241, 250, 253-255, 259-260, 275-351, 354-362, 365-372, 375-380, 387-388, 397-424, 427-433, 436-448, 458-483, 486-491, 494-527, 534-547, 550-556, 559-566, 569-605, 610-628, 631-637, 641-643, 646-656, 659-666, 669-671, 676-697, 700-713, 716-720, 725-744, 747-773, 776-803, 806-816, 821-842, 850, 853-856, 861, 864-874, 879-885, 888-891, 894, 902-903, 909-911, 914-921
.conda/lib/python3.11/asyncio/staggered.py                    55     47    15%   75-149
.conda/lib/python3.11/asyncio/streams.py                     403    328    19%   45-51, 76-84, 93-100, 105-113, 127-133, 136-139, 142-149, 152-162, 165-174, 177, 192-209, 213-215, 218-222, 225-264, 267-282, 285-287, 290-298, 301, 306-312, 326-333, 336-339, 343, 346, 349, 352, 355, 358, 361, 364, 367, 377-392, 398-406, 409-414, 424-439, 443-458, 461, 464-470, 474-478, 481-482, 485-487, 490-491, 495, 498-517, 528-545, 563-576, 598-667, 691-718, 735-759, 762, 765-768
.conda/lib/python3.11/asyncio/subprocess.py                  159    125    21%   22-28, 31-38, 41-59, 65-72, 75-102, 105-106, 109-111, 114-115, 120-126, 129, 133, 137, 140, 143, 146, 149-165, 168, 171-185, 188-202, 207-214, 220-228
.conda/lib/python3.11/asyncio/taskgroups.py                  113    100    12%   29-38, 41-52, 55-66, 69-147, 154-167, 174-175, 178-182, 185-234
.conda/lib/python3.11/asyncio/tasks.py                       471    389    17%   37-39, 44-61, 66-75, 107-131, 134-142, 147, 150, 153, 156, 159, 162, 185, 196, 220-238, 246, 256-258, 261-345, 348-361, 369-370, 381-389, 415-428, 432-433, 449-504, 512-548, 554-564, 586-622, 634, 639-651, 659, 663-684, 694, 708-711, 714-725, 758-848, 884-914, 922-937, 950, 954-958, 962-966, 971, 984-985
.conda/lib/python3.11/asyncio/threads.py                       9      4    56%   22-25
.conda/lib/python3.11/asyncio/timeouts.py                     78     53    32%   40-44, 48, 52-71, 75, 78-83, 86-95, 103-119, 122-126, 145-146, 168
.conda/lib/python3.11/asyncio/transports.py                  113     66    42%   15-17, 21, 25, 35, 39, 43, 53, 61, 69, 96, 100, 106, 114, 122-123, 132, 136, 145, 185, 194, 203, 211, 215, 223, 237, 248, 271-275, 278-288, 296-304, 312, 315-328, 331-332, 335
.conda/lib/python3.11/asyncio/trsock.py                       60     36    40%   16, 20, 24, 28, 31-51, 54, 57, 60, 63, 68, 71, 74, 77, 80, 83, 86-88, 92, 95-97
.conda/lib/python3.11/asyncio/unix_events.py                 854    699    18%   44, 48-54, 64-65, 68-79, 82-86, 94-131, 135-141, 148-173, 181-185, 189, 193, 198-223, 227, 235-277, 285-350, 353-373, 377-441, 446-447, 450-455, 463-489, 493-495, 498, 501-519, 522-537, 540-545, 548-553, 556, 559, 562, 565-566, 569-571, 575-585, 588-590, 593-599, 606-639, 643-664, 667, 671-676, 679-711, 714-739, 742, 745-751, 754, 757, 760, 763-765, 768-770, 773, 777-787, 790-795, 798-804, 810-828, 863, 871, 881, 888, 897, 903, 907, 923-924, 927, 930, 933, 936, 939-948, 951-957, 960-976, 979-985, 991-992, 995, 998, 1001, 1004, 1007-1024, 1027-1035, 1053-1054, 1057, 1060, 1063-1066, 1069-1073, 1077-1078, 1081-1112, 1126-1129, 1132-1134, 1137-1140, 1143-1152, 1157-1168, 1171-1175, 1180-1217, 1240-1241, 1244, 1247-1256, 1259, 1262, 1265-1269, 1272-1276, 1283-1293, 1296-1297, 1300-1334, 1337-1342, 1359-1360, 1363, 1366, 1369, 1372, 1375-1378, 1383-1389, 1395, 1398, 1401-1424, 1432-1433, 1436-1438, 1448-1452, 1459-1462, 1467-1472
.conda/lib/python3.11/cmd.py                                 233    199    15%   87-96, 105-147, 155, 159, 163, 170, 177-190, 202-217, 226-227, 236, 245, 248-249, 257-279, 284, 287-290, 294-336, 339-344, 352-401
.conda/lib/python3.11/code.py                                122    103    16%   33-36, 62-75, 89-94, 108-129, 139-150, 159, 180-182, 186, 204-240, 256-261, 274, 293-301, 305-315
.conda/lib/python3.11/codeop.py                               59     43    27%   51-73, 76-82, 85-89, 110, 118, 121-129, 139, 160
.conda/lib/python3.11/collections/__init__.py                862    802     7%   17-350, 382-389, 393, 395, 398, 404, 407, 414, 423, 444-447, 453-456, 463, 467, 471, 513-514, 525-990, 997-1000, 1006-1576
.conda/lib/python3.11/concurrent/__init__.py                   0      0   100%
.conda/lib/python3.11/concurrent/futures/__init__.py          15     10    33%   37, 43-53
.conda/lib/python3.11/concurrent/futures/_base.py            308    230    25%   62-63, 66, 69, 72, 78-79, 82-84, 87-89, 92-94, 100-101, 104-105, 108-109, 115-118, 121-124, 127-128, 131-135, 138-139, 145, 148-149, 152-153, 156-174, 188-196, 217-259, 288-311, 315-322, 330-335, 338-342, 345-359, 370-381, 385-386, 390-391, 395-396, 399-406, 419-426, 444-461, 481-494, 520-535, 542-550, 557-565, 581, 605-625, 641, 644, 647-648
.conda/lib/python3.11/configparser.py                        703    553    21%   142-364, 367, 370, 373-611, 628-633, 645, 647, 652, 654-659, 664-678, 685-694, 714-715, 717, 721-781, 798-802, 806-810, 813, 818, 821, 826-832, 837-842, 847, 859, 863-865, 869-870, 874, 877-890, 893, 898-899, 901, 907, 913, 917-918, 921-1005, 1008-1012, 1042-1050, 1054-1055, 1070, 1077, 1086-1090, 1092, 1102, 1109, 1113, 1123-1129, 1134-1136, 1148-1160, 1168-1170, 1174-1177, 1180, 1184, 1187-1209, 1213-1261, 1270-1338, 1347-1380, 1383-1384
.conda/lib/python3.11/contextlib.py                          362    298    18%   2-104, 118-132, 138-141, 148-151, 156, 166-181, 190, 193-272, 305-440, 443, 446, 459-463, 466-467, 472, 475-502, 514-515, 521, 534, 539, 544-555, 558, 566-576, 587-595, 597-604, 607, 613-791
.conda/lib/python3.11/contextvars.py                           2      0   100%
.conda/lib/python3.11/ctypes/__init__.py                     350    149    57%   18, 21, 30-31, 53-66, 90, 92, 94, 109-135, 153, 159-162, 183-184, 205, 212-221, 243, 259, 268, 280-301, 306-312, 316, 351, 353-359, 361-368, 378, 381, 388, 408-437, 444-448, 451, 454, 462, 464, 470-481, 484-485, 489-491, 512, 519, 523-524, 531, 535-548
.conda/lib/python3.11/ctypes/_endian.py                       45     27    40%   13-21, 25-33, 60-78
.conda/lib/python3.11/ctypes/util.py                         263    220    16%   9-68, 71-82, 91, 99-104, 111-153, 158-173, 179-195, 199-229, 233-270, 277, 301-302, 306-329, 333, 337, 347, 360-397, 400
.conda/lib/python3.11/dataclasses.py                         480    287    40%   1-228, 235-243, 246-287, 303-327, 332-346, 354-368, 387, 392, 401, 408, 413, 437, 449, 477-478, 485-497, 503, 509, 521, 528, 545, 565-567, 571, 578-579, 588, 599, 606, 624, 638, 646, 654, 660, 664, 715-717, 719, 723, 737, 769, 781, 789-790, 806-808, 815, 820, 827, 831, 842, 845, 849-884, 900, 916-920, 951-955, 977, 982, 987-993, 1012, 1062-1073, 1080, 1099-1100, 1110, 1112, 1123-1204, 1235-1503
.conda/lib/python3.11/doctest.py                             972    784    19%   188-193, 205-212, 216, 219-234, 242, 250-253, 258-264, 267-268, 277-318, 322-326, 339-352, 361-366, 369-372, 377-378, 382-388, 392-423, 475-488, 491-494, 502, 544-550, 555-558, 566, 570-574, 642, 649-664, 707-737, 757-773, 785, 794-796, 806-808, 843-846, 884-948, 955-977, 983-988, 995-1048, 1058-1086, 1095-1141, 1226, 1248-1253, 1261-1262, 1268, 1275, 1279-1292, 1309-1438, 1445-1448, 1454-1459, 1481-1529, 1545-1586, 1592-1602, 1616, 1634-1678, 1683-1702, 1711-1748, 1762-1764, 1767, 1781-1783, 1786, 1880-1883, 1886, 1889, 1969-2002, 2086-2125, 2145-2148, 2185-2189, 2197-2202, 2205-2209, 2212-2219, 2222-2243, 2246-2252, 2323-2327, 2330, 2333-2336, 2343, 2347-2348, 2353, 2357-2358, 2361, 2364, 2367, 2375, 2415-2440, 2445, 2448, 2451, 2458-2479, 2537-2548, 2612-2634, 2643-2650, 2654-2655, 2659-2675, 2684-2686, 2713, 2722-2723, 2733, 2787-2828, 2832
.conda/lib/python3.11/email/__init__.py                       13     11    15%   7-31, 39-61
.conda/lib/python3.11/email/_policybase.py                   117    110     6%   6-289, 294, 296, 301, 313-319, 326-382
.conda/lib/python3.11/email/feedparser.py                    338    200    41%   64, 67, 89-92, 97-98, 105, 152-159, 169, 191-192, 197, 201, 203, 211, 224-225, 231-233, 243-253, 260-292, 296-302, 304-458, 476-484, 490-508, 518-520, 534
.conda/lib/python3.11/email/message.py                       592    558     6%   7-150, 162-211, 218-243, 278-283, 287, 294-301, 303-331, 341-410, 421-490, 507, 514-592, 610-616, 625-634, 643-1201
.conda/lib/python3.11/email/parser.py                         41     12    71%   51, 72, 75, 96, 106-110, 121-122, 127, 130
.conda/lib/python3.11/email/utils.py                         253    250     1%   7-52, 60-504
.conda/lib/python3.11/encodings/__init__.py                   78     43    45%   31-43, 56, 71, 76, 95, 101-104, 108, 112-114, 118-119, 124-136, 148-150, 156-174
.conda/lib/python3.11/encodings/idna.py                      179    143    20%   16-58, 61-101, 105-140, 149, 152, 156-157, 162-163, 165, 168-180, 185, 188, 199-214, 218-249, 253-288
.conda/lib/python3.11/encodings/utf_8.py                      15     14     7%   9-33
.conda/lib/python3.11/encodings/utf_8_sig.py                  79     49    38%   15, 19-24, 28-29, 32-37, 40-41, 44, 47, 57-62, 66-68, 72-73, 76-78, 82-83, 87-91, 94-95, 99-103, 106-117
.conda/lib/python3.11/enum.py                               1121    678    40%   1-38, 48, 59, 70, 74-77, 89, 93, 102-117, 121, 123, 129-178, 181-193, 197-198, 204-207, 213-229, 234-239, 242, 253, 255, 266-271, 279-283, 292-297, 307-314, 320-329, 331-338, 348-360, 367, 377-378, 386, 393, 400, 403-411, 417, 420, 422, 425, 435, 438, 462, 468-485, 499, 520, 563-566, 568, 580-595, 608-616, 624, 637-638, 650-657, 665-675, 682-688, 716-747, 751, 754-772, 788-794, 800-807, 816-828, 838, 841-895, 908, 919-921, 927, 933-934, 938-944, 952, 960, 965-966, 970, 977-980, 992-993, 996, 1000, 1002, 1008-1009, 1052-1095, 1109-1113, 1117, 1123-1125, 1129-1145, 1151, 1154, 1173-1232, 1235-1258, 1263-1358, 1365-1368, 1377-1378, 1385, 1400-1417, 1421-1422, 1428, 1435, 1455, 1457, 1459-1461, 1467, 1470-1507, 1512-1514, 1517, 1521, 1525, 1528, 1532, 1536-1652, 1734, 1749, 1774, 1779-1781, 1784-1787, 1796, 1816-2063
.conda/lib/python3.11/fnmatch.py                             115     68    41%   12-19, 38-39, 41-43, 48-64, 74, 92, 94-145, 182
.conda/lib/python3.11/functools.py                           537    406    24%   12-35, 65, 89-421, 423, 430-479, 507, 510-513, 515, 525-651, 660, 680, 687, 706-707, 715-720, 722, 732, 749-752, 759-771, 774, 793, 800, 827-830, 848-849, 861-887, 893-896, 900, 906, 922-966, 972, 975-981, 983, 985, 989-994, 1004-1009, 1012
.conda/lib/python3.11/getopt.py                              107     90    16%   39-41, 47-49, 52, 83-97, 114-147, 150-166, 172-190, 193-205, 208-211, 214-215
.conda/lib/python3.11/gettext.py                             389    321    17%   49-224, 234-236, 266-479, 502, 508-511, 516-519, 526, 532-578, 583-616, 620-646
.conda/lib/python3.11/hmac.py                                110     86    22%   9-12, 52-64, 67-69, 72-108, 112-115, 119-120, 128-137, 144-149, 158-159, 164-165, 184, 196-219
.conda/lib/python3.11/html/__init__.py                        37     28    24%   19-25, 92-115, 130-132
.conda/lib/python3.11/html/entities.py                         9      0   100%
.conda/lib/python3.11/http/__init__.py                        90      1    99%   170
.conda/lib/python3.11/http/client.py                         790    656    17%   163-166, 177-181, 200-211, 219-229, 241-243, 263-283, 286-316, 319-388, 391-417, 420-422, 425-429, 437-439, 443, 455, 459-495, 502-529, 533-545, 550-559, 567-583, 586-605, 608-629, 638-641, 645-649, 655-668, 673-677, 680-694, 699-708, 713-721, 724, 738-744, 748-750, 755, 780, 792, 799, 815, 825-847, 851-869, 886-893, 896-913, 916, 919-921, 924-957, 961-972, 976-986, 994-1025, 1033, 1036-1047, 1055-1101, 1115-1228, 1232, 1237-1239, 1246-1248, 1254-1256, 1264-1285, 1294-1298, 1303, 1307-1349, 1366-1412, 1416-1417, 1430-1463, 1468-1475, 1493-1494, 1504-1506, 1508-1512, 1530-1533, 1537, 1542-1543
.conda/lib/python3.11/http/cookiejar.py                     1110    961    13%   45-51, 70-74, 82-87, 106-110, 124-128, 137-148, 151-204, 262-286, 319-333, 341-342, 393-431, 446-457, 460-464, 481-531, 542-548, 573-587, 595-597, 605-617, 627-634, 642-645, 649-655, 658-669, 676, 687-689, 717-724, 736-740, 774-801, 804, 806, 808, 811-814, 817-824, 827-838, 857, 861, 866, 871, 898-917, 921, 924, 927-930, 934, 937-939, 942-947, 956-966, 969-981, 984-993, 998-1002, 1005-1013, 1016-1073, 1076-1094, 1105-1112, 1115-1121, 1124-1133, 1136-1139, 1142-1145, 1148-1159, 1162-1186, 1191-1212, 1215-1225, 1229-1239, 1262-1267, 1270, 1273-1288, 1292-1295, 1307-1354, 1362-1387, 1402-1484, 1489-1566, 1579-1585, 1588-1597, 1602-1652, 1656-1665, 1669-1678, 1682-1690, 1704-1717, 1726-1732, 1744-1751, 1754, 1758-1760, 1763-1765, 1768-1770, 1785-1789, 1793, 1797-1802, 1812-1828, 1837-1857, 1878-1886, 1889-1901, 1904-1978, 2015-2084, 2088-2123
.conda/lib/python3.11/http/cookies.py                        218    153    30%   181-184, 190-193, 198-213, 229-232, 273-277, 281, 285, 289, 292-295, 298-301, 304-306, 314-317, 320-326, 329, 332-340, 343, 350-352, 355, 360, 364, 375-403, 452, 460-461, 464-465, 469-471, 475-480, 484-488, 493-497, 501-505, 513-519, 522-579, 590, 593-594
.conda/lib/python3.11/http/server.py                         603    518    14%   136-139, 278-375, 391-393, 403-430, 434-438, 458-491, 501-504, 508-516, 522-532, 536-538, 541-543, 551-553, 568, 595-596, 603, 607-609, 613-617, 628, 668-671, 675-680, 684-686, 699-774, 784-831, 842-861, 877, 893-902, 922-951, 960-970, 975, 1002-1005, 1011-1014, 1031-1039, 1046, 1050-1051, 1055-1237, 1241-1247, 1258-1271, 1274-1313
.conda/lib/python3.11/importlib/__init__.py                  101     98     3%   2-108, 118-125, 129-176
.conda/lib/python3.11/importlib/metadata/__init__.py         429    373    13%   1-550, 561, 564-568, 579, 585-595, 602-603, 619-630, 634-754, 757-758, 768-789, 792, 795-798, 805, 807-812, 815-816, 821-822, 826-827, 837-839, 841-843, 848, 862-870, 873, 877-878, 884-885, 892, 896-898, 910-911, 918-924, 931, 941-976, 985-1002, 1012-1085
.conda/lib/python3.11/importlib/metadata/_adapters.py         33     22    33%   1-30, 35, 39-42, 47, 54-68
.conda/lib/python3.11/importlib/metadata/_collections.py      10      8    20%   1-20, 23, 27-30
.conda/lib/python3.11/importlib/metadata/_functools.py        17     13    24%   1-75, 83-104
.conda/lib/python3.11/importlib/readers.py                     2      0   100%
.conda/lib/python3.11/importlib/resources/_adapters.py        90     79    12%   1-12, 16, 20-25, 28, 32-143, 146-147, 151, 158-165
.conda/lib/python3.11/importlib/resources/_common.py          50     41    18%   1-17, 25-42, 47, 55, 59, 69-103
.conda/lib/python3.11/importlib/resources/_itertools.py       16     11    31%   24-35
.conda/lib/python3.11/importlib/resources/readers.py          72     37    49%   12, 25, 33-35, 38-41, 46-47, 50, 62-67, 70-71, 74, 77, 80, 83, 87-91, 96, 100, 103-104, 109-111, 119, 122
.conda/lib/python3.11/inspect.py                            1768   1386    22%   33-167, 214-229, 232-235, 245, 248, 251, 259-283, 292, 300, 310, 327-378, 391, 402, 409, 416, 424-449, 456, 466, 480, 505, 514-518, 526, 529, 531, 534-735, 757-763, 767-863, 870-871, 876-879, 884, 887, 889, 892, 897, 899-905, 907, 909, 911, 913, 916-920, 932, 940, 948-957, 966-969, 972, 974, 981-982, 984, 1001-1051, 1064-1069, 1075, 1077, 1080, 1083-1093, 1096, 1098, 1100, 1102, 1105, 1111-1112, 1115, 1117-1168, 1177, 1180-1187, 1192, 1196, 1218-1437, 1439-1442, 1444, 1446-1448, 1451-1762, 1765-1774, 1779-1783, 1786-1787, 1790, 1801, 1804, 1817-1821, 1828-1832, 1835, 1839-1943, 1961-2037, 2045, 2053-2056, 2063, 2075, 2100-2331, 2337-2342, 2346, 2379, 2389, 2393-2395, 2400-2405, 2412, 2426, 2428, 2431, 2435, 2456, 2466, 2478, 2485-2490, 2497-2518, 2528, 2532-2533, 2542, 2552-2555, 2563-2669, 2672-2673, 2676-2678, 2683, 2686-2687, 2694-2702, 2708, 2712-2723, 2726-2727, 2730-2735, 2738-2756, 2766-2769, 2772, 2774, 2778-2814, 2818-2955, 2962, 2974-2980, 2989-2994, 2997-2998, 3007-3008, 3015-3016, 3019-3020, 3023, 3030, 3038-3059, 3077-3080, 3085, 3087-3093, 3104-3110, 3115-3116, 3121, 3128-3131, 3134, 3153, 3165, 3173, 3184, 3190-3197, 3204-3215, 3225, 3229-3230, 3235, 3240-3243, 3250, 3261, 3267-3326
.conda/lib/python3.11/json/__init__.py                        65     45    31%   98-183, 241-244, 247, 249, 251, 257, 262-269, 274, 299, 335, 339, 347-359
.conda/lib/python3.11/json/decoder.py                        205    187     9%   3-31, 42-332, 340, 343
.conda/lib/python3.11/json/encoder.py                        233    211     9%   3-105, 156-157, 161-183, 193-196, 202, 205, 218, 222, 230-244, 254, 260-443
.conda/lib/python3.11/linecache.py                           105     75    29%   8-36, 47-52, 57, 67, 70, 73-75, 77-80, 86-87, 89, 94-134, 138-139, 141, 147-180
.conda/lib/python3.11/locale.py                              431    396     8%   13-362, 366, 378-381, 385-396, 416, 418, 435, 443-449, 456, 462-1790
.conda/lib/python3.11/logging/__init__.py                    929    660    29%   26-123, 145-150, 163, 185-194, 202, 205-210, 226-228, 237, 247-256, 263-292, 320, 328-330, 362-368, 377, 383-428, 432, 435, 438-440, 442, 447, 450-576, 594, 603-652, 658, 661-674, 689, 694-695, 697-699, 701-703, 709-795, 801-815, 829-835, 842-863, 873-882, 896-912, 919-922, 929, 936-942, 955-965, 983, 989-1076, 1087, 1098, 1115-1156, 1178-1179, 1183-1207, 1216, 1227-1228, 1232-1267, 1273, 1284-1320, 1323-1327, 1340, 1361-1378, 1393, 1402, 1415, 1432-1447, 1460, 1467, 1477-1479, 1491-1544, 1554-1557, 1559-1561, 1570, 1576, 1587-1592, 1595, 1604-1607, 1610, 1628-1631, 1636, 1646, 1657, 1668-1690, 1708, 1712-1720, 1731-1734, 1739, 1747, 1756-2074, 2084-2206, 2219-2222, 2225-2266
.conda/lib/python3.11/mimetypes.py                           214    173    19%   73-84, 98-101, 122-168, 181-187, 202-205, 215-216, 226-239, 250-261, 265-291, 311-313, 329-331, 345-347, 361-363, 369-391, 395-402, 608-650, 654
.conda/lib/python3.11/multiprocessing/process.py             245    243     1%   10-37, 43-190, 193-439
.conda/lib/python3.11/pathlib.py                             795    575    28%   1-38, 43, 49-56, 64, 66, 81-87, 94, 101, 103-105, 112-239, 248, 254-257, 260, 263-281, 285, 287, 289, 293, 296-304, 307-308, 313, 321, 325-327, 331-349, 353, 359-368, 374-427, 434, 438-440, 442, 447, 451-469, 479-485, 498, 504-505, 515-516, 523-524, 530, 536, 546, 549-570, 578, 580, 583, 590-623, 627, 630-631, 644-658, 665-682, 689, 691, 694, 699, 703, 713, 720, 725, 736, 741, 745-746, 757, 765, 768-778, 784, 787-788, 792-868, 873, 877, 883-903, 909-927, 934, 940, 946, 949, 951, 956-1008, 1015-1036, 1046-1053, 1061-1141, 1148-1230, 1238, 1240-1242, 1245, 1251-1261, 1270, 1274-1406
.conda/lib/python3.11/pdb.py                                1039    856    18%   98-108, 111-116, 122, 128-133, 136-144, 148, 152, 161-162, 167-174, 178-179, 183, 187-188, 192-193, 197, 220-262, 266-270, 273-274, 277-281, 284-304, 311-315, 319-325, 334-349, 353-357, 362-376, 380-389, 393-402, 408-420, 427-428, 431-449, 453-474, 483-486, 490-512, 517, 520, 527-542, 548, 553-574, 617-661, 680-754, 760-763, 775, 780-810, 820-832, 839-847, 859-867, 878-894, 907-928, 940-978, 990, 995-1000, 1007-1019, 1027-1039, 1050-1063, 1072-1073, 1081-1082, 1092-1102, 1110-1111, 1118-1129, 1143-1158, 1167-1179, 1187-1189, 1198-1201, 1207-1217, 1224-1227, 1231-1235, 1238-1246, 1249-1250, 1253-1260, 1263-1266, 1272, 1278, 1299-1338, 1345-1352, 1359-1368, 1374-1391, 1397-1424, 1436-1443, 1454-1460, 1463, 1472-1473, 1499-1511, 1517-1520, 1523, 1538-1542, 1545-1550, 1562-1580, 1594, 1597, 1607-1623, 1631-1643, 1646, 1654-1656, 1680, 1683, 1687, 1690, 1693-1696, 1702-1712, 1715, 1723, 1727-1728, 1747-1797, 1803-1804
.conda/lib/python3.11/pkgutil.py                             393    289    26%   29-37, 43-50, 82-107, 121, 123, 131-133, 138-140, 146, 152-154, 169-171, 175-176, 180-182, 190-192, 207-211, 215-226, 229-266, 275-282, 285-293, 296-297, 300-305, 308-313, 316-317, 320-334, 337-352, 355-357, 360-366, 374-399, 403-404, 428, 444-458, 468-482, 492-503, 539-597, 622-640, 688, 692-694, 702-709, 715
.conda/lib/python3.11/platform.py                            550    544     1%   92-1007, 1037-1124, 1134-1330
.conda/lib/python3.11/queue.py                               141     79    44%   10-11, 18-21, 71-77, 88-90, 94-95, 108-109, 119-120, 135-149, 165-183, 191, 199, 210, 218, 230, 233, 236, 239, 246, 249, 252, 255, 269-270, 278-279, 292-296, 304, 312, 316, 320, 326
.conda/lib/python3.11/random.py                              391    376     4%   48-119, 128, 147-152, 155-157, 160, 166-480, 494-814, 818-904
.conda/lib/python3.11/re/__init__.py                         135    111    18%   124-163, 168-173, 178, 187-198, 208, 218-225, 229-253, 260-272, 282, 286, 288-289, 298-301, 305-374
.conda/lib/python3.11/re/_compiler.py                        586    229    61%   13-31, 34, 37, 62-63, 79, 88, 105, 138-142, 144, 153, 155, 165, 184-189, 192, 194, 196, 200-216, 234, 240, 243, 257-258, 260, 293-304, 320-321, 383-386, 391, 398, 407, 428, 436, 445, 451, 457, 467, 470, 477, 481-483, 489, 499-507, 511, 544, 552-553, 570, 573, 588-740, 747, 752-753
.conda/lib/python3.11/re/_parser.py                          842    421    50%   15-77, 83-84, 86, 90, 94, 98, 100, 103, 105-113, 120-164, 166, 168, 172, 174-176, 178, 194-196, 216-224, 226, 230-231, 240, 251-252, 256, 261, 265, 270, 274, 280-282, 286, 290-293, 295-304, 306-307, 309-316, 330, 334-337, 340-345, 347-357, 363, 367, 370, 372-376, 388-391, 394-397, 400-405, 407-417, 425-435, 440, 444, 447, 449-453, 456, 510-511, 516, 562-563, 572, 580-581, 595, 607-608, 615-616, 620-621, 655-656, 668-670, 675, 679, 681-684, 689, 691, 694, 705, 724, 731-750, 757-763, 771, 773, 784, 794-839, 843-844, 850, 859, 866-867, 874, 879-880, 891, 903, 912-917, 920-921, 924, 927-929, 934, 936-955, 958, 960, 963, 967, 971, 974, 976, 979, 993-994, 997-999, 1002, 1006-1109
.conda/lib/python3.11/reprlib.py                             130    103    21%   3-9, 16-24, 36-38, 52, 55, 58-59, 61, 65-167
.conda/lib/python3.11/secrets.py                              22      9    59%   28-30, 44-46, 59, 71-72
.conda/lib/python3.11/shlex.py                               265    175    34%   10-21, 29-30, 35, 56-57, 61-69, 72-101, 104-107, 112-117, 123-124, 127-130, 133, 138, 142, 144, 151-152, 154-159, 161-162, 164-165, 170-171, 173-175, 180-184, 186-204, 206-217, 223-229, 231-238, 240-246, 248, 250-251, 257-267, 273-276, 279-296, 299, 305, 308-309, 318-350
.conda/lib/python3.11/shutil.py                              861    843     2%   7-1426, 1475-1558
.conda/lib/python3.11/socket.py                              565    552     2%   51-220, 227, 236-495, 499, 505-979
.conda/lib/python3.11/socketserver.py                        313    198    37%   150, 203-206, 214, 223-243, 252-253, 261, 281-302, 311-325, 332, 340, 348-349, 357, 361, 365, 369, 377-382, 385, 388, 451-460, 468-473, 481, 489, 497, 505, 509-515, 519, 535-536, 540, 544, 548, 562-593, 600, 607, 611-632, 635-636, 644-647, 650-651, 654-655, 658, 666, 669, 690-695, 699-705, 708-709, 750-757, 760, 763, 766, 799-809, 812-820, 828, 831, 834-836, 839, 846-849, 852
.conda/lib/python3.11/ssl.py                                 817    518    37%   258, 290-326, 337-361, 372-373, 389-434, 445-451, 468, 474, 494-499, 504-509, 517, 531, 538-551, 554-564, 567-575, 578-589, 592-597, 602, 607, 612, 616, 629-630, 635, 639-641, 676-680, 684-718, 722, 726, 730, 734-738, 753-781, 794-835, 861, 869-876, 881, 885, 890, 894, 899, 904, 910, 918-922, 930, 939, 945, 955, 960, 966, 971, 975, 979, 983, 989, 994, 997, 1012, 1022-1111, 1116, 1120-1121, 1126-1127, 1131-1133, 1138-1139, 1142, 1147, 1150-1155, 1161-1176, 1182-1185, 1189-1191, 1195-1201, 1205-1209, 1213-1217, 1221-1225, 1229-1233, 1236-1244, 1247-1254, 1259, 1263-1276, 1282-1286, 1289-1297, 1300-1316, 1319-1324, 1327-1332, 1335, 1339, 1344-1348, 1351-1353, 1357-1362, 1366-1369, 1372-1373, 1377-1384, 1387-1410, 1415, 1420, 1427-1432, 1436-1443, 1447-1450, 1464-1482, 1500-1518, 1527-1531, 1537-1544, 1555-1566, 1569
.conda/lib/python3.11/stringprep.py                           64     36    44%   13-16, 21, 190-192, 196-203, 207, 211, 214, 218, 222-225, 228, 233, 237-240, 244, 249, 254, 259, 264, 268, 272
.conda/lib/python3.11/subprocess.py                         1113    962    14%   43-268, 270, 272-807, 818, 833, 835, 838, 840, 843-844, 849-850, 852, 855, 871, 877, 887-893, 900-919, 923-952, 956-973, 1001-1006, 1010-1012, 1018, 1021-1023, 1035-1089, 1092, 1096, 1099, 1109-1115, 1120, 1123, 1127, 1133-1135, 1140-1259, 1262, 1265-1282, 1291-1296, 1299, 1303, 1311-1312, 1317-1688, 1698, 1700-1703, 1706-1710, 1713, 1718-1725, 1728, 1730-1733, 1735-1738, 1741-1745, 1752-1791, 1803, 1805-1808, 1814-1818, 1840-1844, 1855-1856, 1858, 1871, 1874, 1880, 1917-1961, 1969, 1973, 1983-2004, 2008, 2012-2017, 2021, 2024, 2027-2047, 2052, 2062-2216
.conda/lib/python3.11/tempfile.py                            488    441    10%   26-86, 93-105, 111-115, 124, 129, 133-144, 151-154, 157-230, 244, 250, 258-267, 270-302, 306-311, 314, 318-322, 354, 361-949
.conda/lib/python3.11/textwrap.py                            162    150     7%   8-419, 448-457, 470-491
.conda/lib/python3.11/threading.py                           753    654    13%   3-72, 82-90, 100, 103-243, 245, 267-271, 274, 277-280, 283, 286, 290-291, 295, 319, 330-333, 338-366, 377, 380-562, 566-575, 579-611, 644-811, 818-856, 883, 890-891, 900, 914-945, 956, 959, 965-968, 971, 986-1153, 1163-1324, 1332, 1334, 1342-1370, 1377-1453, 1462-1673
.conda/lib/python3.11/tokenize.py                            434    336    23%   23-100, 105-299, 318-319, 326-327, 335-339, 344-365, 369-371, 373, 377, 381-392, 403-433, 441-444, 459, 464-482, 491, 493, 498, 515-526, 534, 542, 547-548, 551-561, 577-589, 596, 604-606, 610, 613-616, 624-694
.conda/lib/python3.11/traceback.py                           498    435    13%   3-143, 155, 162, 165, 170, 173-346, 350-395, 404, 406-409, 414-425, 429, 433, 436-713, 738-739, 744-752, 766, 784, 787, 801-813, 821, 823, 825-832, 835-845, 859-860, 865-867, 872, 874-876, 878-1022
.conda/lib/python3.11/types.py                               193    179     7%   4-164, 174-247, 251, 261, 277-305
.conda/lib/python3.11/typing.py                             1480   1148    22%   22-159, 168, 189, 193, 195, 197, 201-251, 270-273, 284, 290, 293-296, 301, 306, 310-334, 350, 355, 361-374, 377-470, 472, 476-479, 482-501, 505-506, 512-636, 657-680, 711, 723-724, 729-731, 758-759, 764-866, 868, 874, 879-880, 890-916, 919-925, 928-942, 947, 951-966, 971, 979-1040, 1045, 1047, 1054, 1059, 1063-1266, 1269-1279, 1285, 1287, 1294-1295, 1298, 1304-1305, 1310, 1312, 1320, 1325-1376, 1380, 1388, 1394, 1397-1404, 1422, 1424, 1435, 1455, 1459, 1464, 1469-1470, 1478, 1483, 1499, 1510, 1519, 1526, 1530-1552, 1554, 1560, 1567-1587, 1595, 1599-1636, 1641, 1643, 1655-1656, 1663, 1669-1671, 1683-1684, 1687, 1692-1695, 1698-1720, 1724-1725, 1729-1731, 1735-1831, 1848, 1852, 1856, 1863, 1869, 1877, 1887, 1900, 1907-1909, 1915-1981, 1984-2071, 2080-2115, 2130, 2136-2287, 2298-2443, 2462, 2465, 2467, 2469, 2473-2609, 2644-2646, 2650-2667, 2695-2699, 2705-2891, 2902-2910, 2914, 2921, 2923, 2932-2933, 2937, 2941, 2945, 2966, 2968, 2972-2974, 2978-3401, 3403, 3413-3538
.conda/lib/python3.11/unittest/__init__.py                    23     21     9%   47-93, 96-97
.conda/lib/python3.11/unittest/case.py                       781    667    15%   3-45, 52-53, 59, 61-62, 64, 68, 72, 80, 85-94, 101-387, 393, 407, 425, 440-471, 476, 480-509, 512-513, 519-575, 578, 580-583, 586-589, 591-595, 605-608, 631-634, 650-652, 657-659, 665-666, 671-677, 680-705, 708-711, 714-717, 728, 731-835, 861, 868, 875-1135, 1138-1235, 1242-1279, 1282-1291, 1295-1479
.conda/lib/python3.11/unittest/loader.py                     295    281     5%   3-77, 84-235, 243, 254-519
.conda/lib/python3.11/unittest/mock.py                      1590    991    38%   55, 62-65, 85, 96-122, 126-134, 140-147, 151-157, 163, 169-178, 186-205, 209-254, 258-281, 294, 297, 308, 312, 336, 342, 351-362, 365, 383, 390-391, 397, 399, 430, 452-453, 473, 486-493, 502, 508, 516, 519-527, 539, 551, 565, 578-583, 591, 598-623, 635-645, 652-653, 655, 658, 665, 671, 680-691, 703, 706-713, 718-719, 732-735, 746-759, 769, 771-772, 774-786, 788-789, 792, 795-796, 802-816, 820-821, 825-829, 843-862, 874, 879-888, 895-900, 906-908, 913-918, 926-930, 933-934, 938-939, 945-951, 964-992, 1005-1010, 1024-1026, 1030, 1035, 1037-1042, 1044-1047, 1061-1063, 1075-1082, 1090-1097, 1159, 1167, 1184-1192, 1198, 1201, 1270, 1285-1290, 1296, 1300, 1318-1327, 1332, 1334, 1339-1349, 1359, 1370-1371, 1386-1398, 1416, 1419, 1434, 1436, 1438, 1441, 1444, 1452-1455, 1457-1459, 1461, 1464-1468, 1470, 1475, 1477-1487, 1490, 1492, 1505-1547, 1557-1564, 1567-1569, 1582, 1594-1596, 1601-1607, 1614-1615, 1639, 1671-1695, 1810-1815, 1819-1823, 1827-1835, 1839-1847, 1851-1858, 1863-1864, 1868-1892, 1896-1905, 1910-1912, 1917-1919, 1924-1930, 1934-1939, 1944-1945, 1991-1994, 2043-2050, 2053-2059, 2062-2069, 2072-2077, 2089-2102, 2118-2126, 2145-2146, 2151-2153, 2172-2173, 2183-2189, 2192, 2201-2226, 2232-2266, 2272-2274, 2280-2283, 2289-2301, 2308-2312, 2318-2323, 2339-2367, 2375-2378, 2384-2387, 2437, 2440, 2443, 2450-2463, 2496-2500, 2504-2510, 2528-2529, 2535, 2539, 2543, 2545, 2547-2556, 2561-2565, 2569, 2572, 2582-2586, 2590-2593, 2598, 2603-2608, 2612, 2616, 2619-2636, 2643-2649, 2678-2798, 2806-2826, 2833-2838, 2854-2857, 2872-2939, 2952, 2955, 2957, 2970-2981, 2989-2992, 2995-2999
.conda/lib/python3.11/unittest/util.py                       125    115     8%   3-24, 30-45, 48-49, 52-54, 57-115, 119-170
.conda/lib/python3.11/urllib/error.py                         39     20    49%   26-29, 32, 40-47, 50, 53, 59, 63, 67, 73-74
.conda/lib/python3.11/urllib/parse.py                        600    479    20%   34-108, 111-119, 130, 133-157, 160-165, 175-176, 179-184, 187-194, 198-200, 205-206, 211-212, 220-413, 421, 426-453, 490, 497, 499-500, 502, 509-520, 536, 539-659, 670, 674-729, 760, 763, 768-777, 786-788, 795, 802, 811-817, 819-823, 826-847, 896, 898, 901-923, 929, 931, 937, 940-943, 961, 969-975, 981-1019, 1023-1227
.conda/lib/python3.11/urllib/request.py                     1647   1399    15%   113-114, 191-216, 220, 239-284, 288-297, 308-315, 322-335, 339-341, 346-348, 352-354, 358, 362-368, 372, 375-380, 384-385, 388, 391-396, 399, 403, 407, 410, 414, 419-420, 423-424, 428-436, 439-483, 487, 493-498, 502-527, 530-541, 545-563, 578-603, 609, 613, 616-621, 629-637, 643, 663-682, 694-749, 765-789, 796-802, 807-832, 837, 841-848, 851-858, 863-881, 888-895, 901-905, 911-912, 915-919, 923-929, 932-936, 961-964, 968-984, 989-1008, 1013-1022, 1025-1035, 1038-1043, 1055-1058, 1070-1073, 1092-1098, 1101, 1104-1120, 1124-1133, 1141-1144, 1147-1206, 1210-1219, 1223, 1237-1241, 1250-1254, 1259, 1262, 1265, 1270-1305, 1312-1371, 1377, 1386-1388, 1391, 1400-1403, 1406-1407, 1410-1411, 1418-1419, 1423-1429, 1440-1472, 1477-1483, 1488-1495, 1499-1523, 1526-1529, 1533-1582, 1585, 1592-1596, 1599, 1602, 1605-1613, 1617-1633, 1636-1639, 1652-1669, 1678, 1683, 1688, 1708-1727, 1734, 1737, 1743-1751, 1756, 1761-1793, 1797-1798, 1802-1803, 1809-1867, 1884-1959, 1965, 1973-1981, 1985-1986, 1990, 1996, 2000-2005, 2009-2037, 2041-2095, 2099-2136, 2143-2146, 2150, 2154-2168, 2171-2196, 2200, 2204, 2208-2211, 2215-2218, 2224-2243, 2249-2268, 2271-2286, 2289-2304, 2307-2318, 2321-2332, 2335-2343, 2347-2355, 2364-2366, 2372-2377, 2383-2386, 2392-2394, 2404-2416, 2419-2425, 2428-2469, 2472-2478, 2481-2483, 2486-2489, 2492-2496, 2508-2528, 2537-2562, 2579-2627, 2640-2652, 2656-2686, 2690-2779
.conda/lib/python3.11/urllib/response.py                      46     27    41%   20-22, 25, 29-31, 34, 41-43, 46-54, 61-62, 65, 72-74, 78, 81, 84
.conda/lib/python3.11/warnings.py                            352    304    14%   3-131, 153, 156, 160, 166, 182, 196-441, 456-467, 469, 477, 488, 490, 497-581
.conda/lib/python3.11/weakref.py                             445    433     3%   12-367, 370-378, 385-414, 417-427, 430-495, 499-674
.conda/lib/python3.11/zipfile.py                            1576   1540     2%   6-704, 707-1256, 1261, 1280, 1285, 1298-1299, 1301-1893, 1897, 1903-2293, 2299, 2305-2416, 2427-2595
api.py                                                        37      2    95%   60, 63
chatapp.py                                                   128     96    25%   19-30, 33-35, 39-50, 57-60, 66-71, 75, 78-108, 111-141, 144-180, 184, 187-200, 203-207, 210
database/setup_db.py                                           9      1    89%   22
protocols/ethernet_handler.py                                183     79    57%   37-38, 41-61, 67-71, 94-95, 98-102, 114-115, 121-122, 151-154, 161-164, 168-177, 183-205, 208-212, 220-221
protocols/protocol_handler.py                                 12      4    67%   8, 12, 16, 20
protocols/uart_handler.py                                      9      0   100%
tests/test_api.py                                             45      2    96%   44, 77
tests/test_chat_app.py                                        59     17    71%   49-51, 58-60, 71-83, 98-99, 106-109, 112
tests/test_protocol_handlers.py                               91      2    98%   56, 128
----------------------------------------------------------------------------------------
TOTAL                                                      46824  37082    21%

=========================== short test summary info ============================
FAILED tests/test_api.py::TestAPI::test_get_messages_empty - AssertionError: 106 != 0
FAILED tests/test_api.py::TestAPI::test_get_messages_with_protocol - AssertionError: 39 != 1
FAILED tests/test_chat_app.py::TestChatApp::test_add_message_bubble - AttributeError: 'dict' object has no attribute 'chat_history'
FAILED tests/test_chat_app.py::TestChatApp::test_load_chat_history - AttributeError: 'dict' object has no attribute 'chat_history'
FAILED tests/test_chat_app.py::TestChatApp::test_select_protocol - AttributeError: 'dict' object has no attribute 'protocol_list'
FAILED tests/test_chat_app.py::TestChatApp::test_send_message_no_protocol - AttributeError: 'dict' object has no attribute 'message_input'
FAILED tests/test_chat_app.py::TestChatApp::test_send_message_success - AttributeError: 'dict' object has no attribute 'message_input'
FAILED tests/test_protocol_handlers.py::TestEthernetMasterHandler::test_cleanup - AttributeError: 'NoneType' object has no attribute 'close'
========================= 8 failed, 12 passed in 4.27s =========================
